<?xml version="1.0" encoding="UTF-8"?><testrun name="TestTerm" project="autocomplete-fall18-ireneqiao9" tests="6" started="6" failures="0" errors="1" ignored="0">
  <testsuite name="TestTerm" time="0.004">
    <testcase name="testToString" classname="TestTerm" time="0.0"/>
    <testcase name="testNativeSortingOrder" classname="TestTerm" time="0.0"/>
    <testcase name="testPrefixOrder" classname="TestTerm" time="0.001">
      <error>java.lang.StringIndexOutOfBoundsException: String index out of range: 8
	at java.base/java.lang.StringLatin1.charAt(StringLatin1.java:44)
	at java.base/java.lang.String.charAt(String.java:692)
	at Term$PrefixOrder.compare(Term.java:97)
	at Term$PrefixOrder.compare(Term.java:1)
	at java.base/java.util.TimSort.binarySort(TimSort.java:296)
	at java.base/java.util.TimSort.sort(TimSort.java:221)
	at java.base/java.util.Arrays.sort(Arrays.java:1440)
	at TestTerm.testPrefixOrder(TestTerm.java:157)
	at java.base/jdk.internal.reflect.NativeMethodAccessorImpl.invoke0(Native Method)
	at java.base/jdk.internal.reflect.NativeMethodAccessorImpl.invoke(NativeMethodAccessorImpl.java:62)
	at java.base/jdk.internal.reflect.DelegatingMethodAccessorImpl.invoke(DelegatingMethodAccessorImpl.java:43)
	at java.base/java.lang.reflect.Method.invoke(Method.java:564)
	at org.junit.runners.model.FrameworkMethod$1.runReflectiveCall(FrameworkMethod.java:50)
	at org.junit.internal.runners.model.ReflectiveCallable.run(ReflectiveCallable.java:12)
	at org.junit.runners.model.FrameworkMethod.invokeExplosively(FrameworkMethod.java:47)
	at org.junit.internal.runners.statements.InvokeMethod.evaluate(InvokeMethod.java:17)
	at org.junit.internal.runners.statements.FailOnTimeout$CallableStatement.call(FailOnTimeout.java:298)
	at org.junit.internal.runners.statements.FailOnTimeout$CallableStatement.call(FailOnTimeout.java:292)
	at java.base/java.util.concurrent.FutureTask.run(FutureTask.java:264)
	at java.base/java.lang.Thread.run(Thread.java:844)

</error>
    </testcase>
    <testcase name="testReverseWeightSortingOrder" classname="TestTerm" time="0.001"/>
    <testcase name="testWeightSortingOrder" classname="TestTerm" time="0.002"/>
    <testcase name="testConstructorException" classname="TestTerm" time="0.0"/>
  </testsuite>
</testrun>
