<?xml version="1.0" encoding="UTF-8"?><testrun name="TestTerm" project="autocomplete-fall18-ireneqiao9" tests="6" started="6" failures="1" errors="0" ignored="0">
  <testsuite name="TestTerm" time="0.005">
    <testcase name="testToString" classname="TestTerm" time="0.0"/>
    <testcase name="testNativeSortingOrder" classname="TestTerm" time="0.0"/>
    <testcase name="testPrefixOrder" classname="TestTerm" time="0.002">
      <failure>arrays first differed at element [0]; expected:&lt;(855000.0,bhut jolokia)&gt; but was:&lt;(10000.0,jalapeno membrane)&gt;
	at org.junit.internal.ComparisonCriteria.arrayEquals(ComparisonCriteria.java:55)
	at org.junit.Assert.internalArrayEquals(Assert.java:532)
	at org.junit.Assert.assertArrayEquals(Assert.java:283)
	at org.junit.Assert.assertArrayEquals(Assert.java:298)
	at TestTerm.testPrefixOrder(TestTerm.java:131)
	at java.base/jdk.internal.reflect.NativeMethodAccessorImpl.invoke0(Native Method)
	at java.base/jdk.internal.reflect.NativeMethodAccessorImpl.invoke(NativeMethodAccessorImpl.java:62)
	at java.base/jdk.internal.reflect.DelegatingMethodAccessorImpl.invoke(DelegatingMethodAccessorImpl.java:43)
	at java.base/java.lang.reflect.Method.invoke(Method.java:564)
	at org.junit.runners.model.FrameworkMethod$1.runReflectiveCall(FrameworkMethod.java:50)
	at org.junit.internal.runners.model.ReflectiveCallable.run(ReflectiveCallable.java:12)
	at org.junit.runners.model.FrameworkMethod.invokeExplosively(FrameworkMethod.java:47)
	at org.junit.internal.runners.statements.InvokeMethod.evaluate(InvokeMethod.java:17)
	at org.junit.internal.runners.statements.FailOnTimeout$CallableStatement.call(FailOnTimeout.java:298)
	at org.junit.internal.runners.statements.FailOnTimeout$CallableStatement.call(FailOnTimeout.java:292)
	at java.base/java.util.concurrent.FutureTask.run(FutureTask.java:264)
	at java.base/java.lang.Thread.run(Thread.java:844)
Caused by: java.lang.AssertionError: expected:&lt;(855000.0,bhut jolokia)&gt; but was:&lt;(10000.0,jalapeno membrane)&gt;
	at org.junit.Assert.fail(Assert.java:88)
	at org.junit.Assert.failNotEquals(Assert.java:834)
	at org.junit.Assert.assertEquals(Assert.java:118)
	at org.junit.Assert.assertEquals(Assert.java:144)
	at org.junit.internal.ExactComparisonCriteria.assertElementsEqual(ExactComparisonCriteria.java:8)
	at org.junit.internal.ComparisonCriteria.arrayEquals(ComparisonCriteria.java:53)
	... 16 more

</failure>
    </testcase>
    <testcase name="testReverseWeightSortingOrder" classname="TestTerm" time="0.001"/>
    <testcase name="testWeightSortingOrder" classname="TestTerm" time="0.001"/>
    <testcase name="testConstructorException" classname="TestTerm" time="0.001"/>
  </testsuite>
</testrun>
